[debug] [2024-05-24T20:57:59.646Z] ----------------------------------------------------------------------
[debug] [2024-05-24T20:57:59.647Z] Command:       /usr/local/bin/node /usr/local/bin/firebase deploy
[debug] [2024-05-24T20:57:59.648Z] CLI Version:   13.10.0
[debug] [2024-05-24T20:57:59.648Z] Platform:      darwin
[debug] [2024-05-24T20:57:59.648Z] Node Version:  v20.13.1
[debug] [2024-05-24T20:57:59.648Z] Time:          Fri May 24 2024 16:57:59 GMT-0400 (Atlantic Standard Time)
[debug] [2024-05-24T20:57:59.648Z] ----------------------------------------------------------------------
[debug] 
[debug] [2024-05-24T20:57:59.687Z] > command requires scopes: ["email","openid","https://www.googleapis.com/auth/cloudplatformprojects.readonly","https://www.googleapis.com/auth/firebase","https://www.googleapis.com/auth/cloud-platform"]
[debug] [2024-05-24T20:57:59.687Z] > authorizing via signed-in user (mariovinas77@gmail.com)
[debug] [2024-05-24T20:57:59.687Z] [iam] checking project mclogshostingdemo for permissions ["firebase.projects.get","firebasehosting.sites.update"]
[debug] [2024-05-24T20:57:59.688Z] > refreshing access token with scopes: []
[debug] [2024-05-24T20:57:59.688Z] >>> [apiv2][query] POST https://www.googleapis.com/oauth2/v3/token [none]
[debug] [2024-05-24T20:57:59.688Z] >>> [apiv2][body] POST https://www.googleapis.com/oauth2/v3/token [omitted]
[debug] [2024-05-24T20:57:59.899Z] <<< [apiv2][status] POST https://www.googleapis.com/oauth2/v3/token 200
[debug] [2024-05-24T20:57:59.899Z] <<< [apiv2][body] POST https://www.googleapis.com/oauth2/v3/token [omitted]
[debug] [2024-05-24T20:57:59.910Z] >>> [apiv2][query] POST https://cloudresourcemanager.googleapis.com/v1/projects/mclogshostingdemo:testIamPermissions [none]
[debug] [2024-05-24T20:57:59.910Z] >>> [apiv2][(partial)header] POST https://cloudresourcemanager.googleapis.com/v1/projects/mclogshostingdemo:testIamPermissions x-goog-quota-user=projects/mclogshostingdemo
[debug] [2024-05-24T20:57:59.910Z] >>> [apiv2][body] POST https://cloudresourcemanager.googleapis.com/v1/projects/mclogshostingdemo:testIamPermissions {"permissions":["firebase.projects.get","firebasehosting.sites.update"]}
[debug] [2024-05-24T20:58:00.202Z] <<< [apiv2][status] POST https://cloudresourcemanager.googleapis.com/v1/projects/mclogshostingdemo:testIamPermissions 200
[debug] [2024-05-24T20:58:00.203Z] <<< [apiv2][body] POST https://cloudresourcemanager.googleapis.com/v1/projects/mclogshostingdemo:testIamPermissions {"permissions":["firebase.projects.get","firebasehosting.sites.update"]}
[debug] [2024-05-24T20:58:00.203Z] >>> [apiv2][query] GET https://firebase.googleapis.com/v1beta1/projects/mclogshostingdemo [none]
[debug] [2024-05-24T20:58:00.733Z] <<< [apiv2][status] GET https://firebase.googleapis.com/v1beta1/projects/mclogshostingdemo 200
[debug] [2024-05-24T20:58:00.733Z] <<< [apiv2][body] GET https://firebase.googleapis.com/v1beta1/projects/mclogshostingdemo {"projectId":"mclogshostingdemo","projectNumber":"724658152790","displayName":"Mclogshostingdemo","name":"projects/mclogshostingdemo","resources":{"hostingSite":"mclogshostingdemo"},"state":"ACTIVE","etag":"1_8a205c3c-a26e-49f2-8051-d9783865539a"}
[info] 
[info] === Deploying to 'mclogshostingdemo'...
[info] 
[info] i  deploying hosting 
[debug] [2024-05-24T20:58:00.740Z] >>> [apiv2][query] POST https://firebasehosting.googleapis.com/v1beta1/projects/-/sites/mclogshostingdemo/versions [none]
[debug] [2024-05-24T20:58:00.740Z] >>> [apiv2][body] POST https://firebasehosting.googleapis.com/v1beta1/projects/-/sites/mclogshostingdemo/versions {"status":"CREATED","labels":{"deployment-tool":"cli-firebase"}}
[debug] [2024-05-24T20:58:02.062Z] <<< [apiv2][status] POST https://firebasehosting.googleapis.com/v1beta1/projects/-/sites/mclogshostingdemo/versions 200
[debug] [2024-05-24T20:58:02.062Z] <<< [apiv2][body] POST https://firebasehosting.googleapis.com/v1beta1/projects/-/sites/mclogshostingdemo/versions {"name":"projects/724658152790/sites/mclogshostingdemo/versions/f072fd7d8ca6787b","status":"CREATED","config":{},"labels":{"deployment-tool":"cli-firebase"}}
[info] i  hosting[mclogshostingdemo]: beginning deploy... 
[info] i  hosting[mclogshostingdemo]: found 50 files in build 
[debug] [2024-05-24T20:58:02.070Z] [hosting] uploading with 200 concurrency
[debug] [2024-05-24T20:58:03.256Z] [hosting] hash cache [YnVpbGQ] stored for 50 files
[debug] [2024-05-24T20:58:03.256Z] [hosting][hash queue][FINAL] {"max":1178,"min":15,"avg":85.86,"active":0,"complete":50,"success":50,"errored":0,"retried":0,"total":50,"elapsed":1183}
[debug] [2024-05-24T20:58:03.256Z] >>> [apiv2][query] POST https://firebasehosting.googleapis.com/v1beta1/projects/724658152790/sites/mclogshostingdemo/versions/f072fd7d8ca6787b:populateFiles [none]
[debug] [2024-05-24T20:58:03.256Z] >>> [apiv2][body] POST https://firebasehosting.googleapis.com/v1beta1/projects/724658152790/sites/mclogshostingdemo/versions/f072fd7d8ca6787b:populateFiles {"files":{"/404.html":"b6abfbdc894d37c260154e281499dc6415bb6ad76b32f01ef94dee93aa897ac4","/index.html":"fc9acdfe83b1e66e62ec81e4fd9697ce4fc4b429a9f872aef9e7129061b85ae5","/asset-manifest.json":"657bb0710fee5e9e2656f5ae9e6d51b1d75b749d8451d4d15b798e9062ad7f51","/static/js/main.d328ee67.js.LICENSE.txt":"ec7e0a6373ca070fc7383d4298151aa06135b80c1ae455851be1223c9d48c119","/static/media/Android.7a5bf7cc1c30f3e228f7.png":"e172389c73f03e37327a035af6e4bcde2df5c672f74d787af1cc274c883bad6c","/static/media/Apple.1f0097f3ff7f01f20c4d.png":"843ab66d8319e6d0b8f93317178aafd6e2c890c97ee4dd76b7a02e7569e12543","/static/media/Copia_Bl.bdce0fbe605897458789fa79b4ad5d4c.svg":"6bb9d32576c27975ac11af0b35786060a385c1193aab45c67f568dcaa909ee18","/static/media/Innovacion.6a6468aee7247986eb55.png":"50065585ba7631ad8cff15e913a26e4eb3acad543dce579a37e234cf910caae2","/static/media/Telex_release.9a6726775c68400d21dd82a4a70cc7da.svg":"ec5c11af01776f3878d742def899a2c02cb849897bbcf07abaa2276ede5ff820","/static/media/en_puerto.1a46b46c80d896de51a2.png":"9cc7c000f65354dff15d5dfba48ee13fd24365b70a391d9df26f20b7ab22ebb1","/static/media/en_transito.27dd4c7321c68fb31fe9.png":"c2a24411187fed838e8ddd1f1d47527fa399c981bc67aab75f6363885d851331","/static/media/figibox-logo.25e9d8bfc2db1ead9fd1f8c94fd4a514.svg":"d99530847065110a3aeaed9e98e43452c206a091bca2c0149d5533916923d582","/static/media/Asodec.a726b933f8dd03a9be3e.jpeg":"8e088dfd84bf45c10ee9d99a9592478ae989176e8da533adf7dfaca20e12f9f0","/static/media/Basc_certificacion.8ca701fff66f84469788.webp":"9e02304c3a8417d548452687d8f15d55dc51b037cf693f3d26ff84309e8ebe51","/static/media/Confiable.c18657e7bb16f19cbb36.png":"1d5e1e8936eeeb68db2f88892dee47b2c258827ae4c27855e93b9ff0eee1323f","/static/media/OEARD.ea4faf3b9cf423bc744a.webp":"c2ecccc0f28dd2015ebff92b02a22fb162260d8954557c7ddfd689987fac05e0","/static/media/Tecnologia.c328967e69f3c4851d91.png":"70861469739b2cae36d9f9718ec7b7cf2874eb957ee8a51e3392a55dd4a7f667","/static/media/adacam.d644d2feebf347212ad0.png":"4f427122e4dba74ad5e9bad888a443446d2812e3e1df6c7a5e644ebca6ec42af","/static/media/mainConcilia_logo.e7ad63a8cba0d7c167b4.png":"df6a6827fed1403543ccd2391498d845c506b05d9253cf4892ce2703dbe9bbc8","/static/media/procesando.289dd226c14ef5cc7ce8.png":"1044373dc06cb9c3b617ee73849d04a3e079692e4854596c221483953e163a42","/static/css/main.e32a7f55.css":"13cb79a9717d76a5ac817e7ab37810bcb2589731d467479b514dbc84bd9ff120","/static/media/high-performace.9e8d18ddeec4db59d1bc.png":"3e97278aea7f91097d583ef0aa0deb51ed3e3bfe6b2d095cb23afa5c9b42dddd","/static/media/Gestion_aduanal.bfdaa4cf817efb18595b.webp":"9fc8587fc0726394a4b47aebdecb4319178fb9a0b9df3681c963b22e15f2add3","/static/css/main.e32a7f55.css.map":"278cc9868e4fdc3ba849259a1b2b182d1ccde35bf4934fe95b23208e6cf60247","/static/media/white_waves.f98a1329ad6afe2ad79a.jpg":"aa2f6537197997c11dc70757f69176cabd1d4e1598b2d89e2fc838086fa6326f","/static/media/logo.857af92455bb7d399205.png":"f4a90c8017ea7f34af25e3fc6590482bae53365ec0fdaaba6be40695c116e919","/static/media/Transporte_aereo.214c525063b6516125a3.webp":"fe8a456ce25fa6f7939a0a3f17d94716940f60fbfe61c4f4fb7dab46369f37a1","/static/media/Logistica.93c39fd4b12315cf31d5.webp":"e90bc048bd389580911846f40e332a55966893f96218c06cfea25713ee62b895","/static/js/main.d328ee67.js":"30bcf8d18b8d0c080f989ef7046c93a25f28fc7a1f081bdbd004c8574688dd27","/static/media/Transporte_terrestre.dcfb993ac72d70598216.webp":"0f149f475b4704aae704c93fbe640d9d0212d025756a95015c46ef67af62cf6a","/static/media/Valores.ed78c5fd972928184077.webp":"e49df81eea586967c66d30f8c583c1cb68e3b7ea6818af32e1586721bca76308","/static/media/Vision.8641bd014f71373e40b9.webp":"e428f64d508abe1ab5fa6c3ef06efecc776c9e3f06ec7d2f1700645d7695e5ed","/static/media/Mision.a6d698c4cceac0489ffe.webp":"0270799016bbf54e116f0c5bdb8cfa18d2ecce2ca07e245dc032a6b06f16e985","/static/media/bgimg_2.ddbadc84742497383eb2.webp":"6ae07e92de2876104e3851ea75a628858ffa85d13405431a6534bc324044a4d5","/static/media/Paqueteria.50df4bd2b6e1b30f6813.webp":"de28f12853969b479eff0e333e820a38211d22b472008b0d6c89a04a75c12d1c","/static/media/Almacenaje.3e4363942416465d861b.webp":"5c2655f32151ba5555520dd4a4b2a3341bec3133a3227ad9741d5485df58eb77","/static/media/contenedor_bg.14726a3f6c8eed880b14.jpg":"9ec2893efb5d52d47157f7c89e68b20269ecb079527a43b937824b36e4a2b9ed","/static/media/Slider_4.60f8876cc301ec591739.webp":"63fe765477ed9872202ffb5c3fc89280ba5d2a448694a12d36ca434bed3c403c","/static/media/Transporte_maritimo.bec069b9a92e9d83d265.webp":"ce80c5dae1cc3d3b4c5b9e60bdcb1c4b0421688b418c33551f4c1f270ed0140e","/static/media/contenedor_bg_2.6912175748526f4799d4.jpg":"edf5ee18f0397c253b000652290764a3903551946b1cb5943a3943d8d66bf5ad","/static/media/telephono.36405a77418d1843f545.jpg":"05bf1329be99803614626a9ee658aadcc62e12e8e28e4d7efd6144696f79a9fd","/static/media/Slider_2.2ba56d28a147023096c8.webp":"9b36f9496f6d879ce07c94daa09b64c25bdc051ec97bc41388883cdf39b53452","/static/media/Slider_5.bad7a9307c89a0501cf4.webp":"f85e736eb22ed49cb49d3c4bc2708fbfb39b2f58a19bd55f0d5575dfbb8bf408","/static/media/Bote_grande.cb8e066dae7283571ce1.jpg":"b674884ebf223fa190491065db06509f6a1b7fb876ee6504f6f88eeefb6e7454","/static/js/main.d328ee67.js.map":"f536e1889869c4abbfced3f0b97e7ae685bb0ce696f99362fd233f36dd7362f2","/static/media/Slider_1.85dbe155c554e084d92e.webp":"59f9a21989b13026c88bd915141394f67976ffbb097c440e17e3cfbcc9ee5fc5","/static/media/contenedor_bg_3.4444656a4411312216aa.jpg":"7982662cd73a52d3103ee06842a5c981842c79d96125298d46dbb0685d1fd69a","/static/media/Bote_en_puerto.8edf0a2cf350be322dac.jpg":"d29aec674c9ab4b99d3574d8da28bf489e66923b6418561140e1643e26955797","/static/media/Contenedores_cielo.59ab573f99546362405d.jpg":"88fc845ad64729728c32930ce47cf9e0b3cc1d17e144ccbe1820df1e9e0347fb","/static/media/Video1.4c75156c685133f04236.mp4":"edbe823c81407162c564b2614f46612930c28e66dcce48a08c91333d75089a7b"}}
[debug] [2024-05-24T20:58:03.805Z] <<< [apiv2][status] POST https://firebasehosting.googleapis.com/v1beta1/projects/724658152790/sites/mclogshostingdemo/versions/f072fd7d8ca6787b:populateFiles 200
[debug] [2024-05-24T20:58:03.805Z] <<< [apiv2][body] POST https://firebasehosting.googleapis.com/v1beta1/projects/724658152790/sites/mclogshostingdemo/versions/f072fd7d8ca6787b:populateFiles {"uploadRequiredHashes":["657bb0710fee5e9e2656f5ae9e6d51b1d75b749d8451d4d15b798e9062ad7f51","278cc9868e4fdc3ba849259a1b2b182d1ccde35bf4934fe95b23208e6cf60247","f536e1889869c4abbfced3f0b97e7ae685bb0ce696f99362fd233f36dd7362f2","13cb79a9717d76a5ac817e7ab37810bcb2589731d467479b514dbc84bd9ff120","88fc845ad64729728c32930ce47cf9e0b3cc1d17e144ccbe1820df1e9e0347fb","30bcf8d18b8d0c080f989ef7046c93a25f28fc7a1f081bdbd004c8574688dd27","fc9acdfe83b1e66e62ec81e4fd9697ce4fc4b429a9f872aef9e7129061b85ae5"],"uploadUrl":"https://upload-firebasehosting.googleapis.com/upload/sites/mclogshostingdemo/versions/f072fd7d8ca6787b/files"}
[debug] [2024-05-24T20:58:03.807Z] >>> [apiv2][query] POST https://upload-firebasehosting.googleapis.com/upload/sites/mclogshostingdemo/versions/f072fd7d8ca6787b/files/657bb0710fee5e9e2656f5ae9e6d51b1d75b749d8451d4d15b798e9062ad7f51 [none]
[debug] [2024-05-24T20:58:03.807Z] >>> [apiv2][body] POST https://upload-firebasehosting.googleapis.com/upload/sites/mclogshostingdemo/versions/f072fd7d8ca6787b/files/657bb0710fee5e9e2656f5ae9e6d51b1d75b749d8451d4d15b798e9062ad7f51 [stream]
[debug] [2024-05-24T20:58:03.809Z] >>> [apiv2][query] POST https://upload-firebasehosting.googleapis.com/upload/sites/mclogshostingdemo/versions/f072fd7d8ca6787b/files/278cc9868e4fdc3ba849259a1b2b182d1ccde35bf4934fe95b23208e6cf60247 [none]
[debug] [2024-05-24T20:58:03.809Z] >>> [apiv2][body] POST https://upload-firebasehosting.googleapis.com/upload/sites/mclogshostingdemo/versions/f072fd7d8ca6787b/files/278cc9868e4fdc3ba849259a1b2b182d1ccde35bf4934fe95b23208e6cf60247 [stream]
[debug] [2024-05-24T20:58:03.809Z] >>> [apiv2][query] POST https://upload-firebasehosting.googleapis.com/upload/sites/mclogshostingdemo/versions/f072fd7d8ca6787b/files/f536e1889869c4abbfced3f0b97e7ae685bb0ce696f99362fd233f36dd7362f2 [none]
[debug] [2024-05-24T20:58:03.809Z] >>> [apiv2][body] POST https://upload-firebasehosting.googleapis.com/upload/sites/mclogshostingdemo/versions/f072fd7d8ca6787b/files/f536e1889869c4abbfced3f0b97e7ae685bb0ce696f99362fd233f36dd7362f2 [stream]
[debug] [2024-05-24T20:58:03.810Z] >>> [apiv2][query] POST https://upload-firebasehosting.googleapis.com/upload/sites/mclogshostingdemo/versions/f072fd7d8ca6787b/files/13cb79a9717d76a5ac817e7ab37810bcb2589731d467479b514dbc84bd9ff120 [none]
[debug] [2024-05-24T20:58:03.810Z] >>> [apiv2][body] POST https://upload-firebasehosting.googleapis.com/upload/sites/mclogshostingdemo/versions/f072fd7d8ca6787b/files/13cb79a9717d76a5ac817e7ab37810bcb2589731d467479b514dbc84bd9ff120 [stream]
[debug] [2024-05-24T20:58:03.811Z] >>> [apiv2][query] POST https://upload-firebasehosting.googleapis.com/upload/sites/mclogshostingdemo/versions/f072fd7d8ca6787b/files/88fc845ad64729728c32930ce47cf9e0b3cc1d17e144ccbe1820df1e9e0347fb [none]
[debug] [2024-05-24T20:58:03.811Z] >>> [apiv2][body] POST https://upload-firebasehosting.googleapis.com/upload/sites/mclogshostingdemo/versions/f072fd7d8ca6787b/files/88fc845ad64729728c32930ce47cf9e0b3cc1d17e144ccbe1820df1e9e0347fb [stream]
[debug] [2024-05-24T20:58:03.812Z] >>> [apiv2][query] POST https://upload-firebasehosting.googleapis.com/upload/sites/mclogshostingdemo/versions/f072fd7d8ca6787b/files/30bcf8d18b8d0c080f989ef7046c93a25f28fc7a1f081bdbd004c8574688dd27 [none]
[debug] [2024-05-24T20:58:03.812Z] >>> [apiv2][body] POST https://upload-firebasehosting.googleapis.com/upload/sites/mclogshostingdemo/versions/f072fd7d8ca6787b/files/30bcf8d18b8d0c080f989ef7046c93a25f28fc7a1f081bdbd004c8574688dd27 [stream]
[debug] [2024-05-24T20:58:03.813Z] >>> [apiv2][query] POST https://upload-firebasehosting.googleapis.com/upload/sites/mclogshostingdemo/versions/f072fd7d8ca6787b/files/fc9acdfe83b1e66e62ec81e4fd9697ce4fc4b429a9f872aef9e7129061b85ae5 [none]
[debug] [2024-05-24T20:58:03.813Z] >>> [apiv2][body] POST https://upload-firebasehosting.googleapis.com/upload/sites/mclogshostingdemo/versions/f072fd7d8ca6787b/files/fc9acdfe83b1e66e62ec81e4fd9697ce4fc4b429a9f872aef9e7129061b85ae5 [stream]
[debug] [2024-05-24T20:58:03.814Z] [hosting][populate queue][FINAL] {"max":553,"min":553,"avg":553,"active":0,"complete":1,"success":1,"errored":0,"retried":0,"total":1,"elapsed":560}
[debug] [2024-05-24T20:58:03.814Z] [hosting] uploads queued: 7
